<?xml version="1.0" encoding="UTF-8"?>
<!-- Generated by org.testng.reporters.JUnitXMLReporter -->
<testsuite ignored="1" hostname="Sakshi" failures="0" tests="5" name="Chrome" time="0.059" errors="0" timestamp="2022-11-27T16:34:07 IST">
  <testcase classname="com.saucedemo.test.LoginTest" name="@BeforeTest loginMainPage" time="0.0">
    <failure type="java.lang.NullPointerException" message="Cannot invoke &amp;quot;String.equalsIgnoreCase(String)&amp;quot; because &amp;quot;BrowserTypes&amp;quot; is null">
      <![CDATA[java.lang.NullPointerException: Cannot invoke "String.equalsIgnoreCase(String)" because "BrowserTypes" is null
at com.saucedemo.base.BaseClass.loginPage(BaseClass.java:48)
at com.saucedemo.test.LoginTest.loginMainPage(LoginTest.java:18)
at java.base/java.util.concurrent.FutureTask.run(FutureTask.java:264)
at java.base/java.util.concurrent.ThreadPoolExecutor.runWorker(ThreadPoolExecutor.java:1136)
at java.base/java.util.concurrent.ThreadPoolExecutor$Worker.run(ThreadPoolExecutor.java:635)
at java.base/java.lang.Thread.run(Thread.java:833)
... Removed 15 stack frames]]>
    </failure>
  </testcase> <!-- @BeforeTest loginMainPage -->
  <testcase classname="com.saucedemo.test.LoginTest" name="@BeforeTest loginMainPage" time="0.0">
    <failure type="java.lang.NullPointerException" message="Cannot invoke &amp;quot;String.equalsIgnoreCase(String)&amp;quot; because &amp;quot;BrowserTypes&amp;quot; is null">
      <![CDATA[java.lang.NullPointerException: Cannot invoke "String.equalsIgnoreCase(String)" because "BrowserTypes" is null
at com.saucedemo.base.BaseClass.loginPage(BaseClass.java:48)
at com.saucedemo.test.LoginTest.loginMainPage(LoginTest.java:18)
at java.base/java.util.concurrent.FutureTask.run(FutureTask.java:264)
at java.base/java.util.concurrent.ThreadPoolExecutor.runWorker(ThreadPoolExecutor.java:1136)
at java.base/java.util.concurrent.ThreadPoolExecutor$Worker.run(ThreadPoolExecutor.java:635)
at java.base/java.lang.Thread.run(Thread.java:833)
... Removed 15 stack frames]]>
    </failure>
  </testcase> <!-- @BeforeTest loginMainPage -->
  <testcase classname="com.saucedemo.test.LoginTest" name="@AfterTest closeBrowser" time="-1.669547047483E9">
    <skipped/>
  </testcase> <!-- @AfterTest closeBrowser -->
  <testcase classname="com.saucedemo.test.LoginTest" name="@AfterTest closeBrowser" time="-1.669547047483E9">
    <skipped/>
  </testcase> <!-- @AfterTest closeBrowser -->
  <testcase classname="com.saucedemo.base.BaseClass" name="loginPage" time="0.0">
    <skipped/>
  </testcase> <!-- loginPage -->
  <testcase classname="com.saucedemo.base.BaseClass" name="loginPage" time="0.0">
    <skipped/>
  </testcase> <!-- loginPage -->
  <testcase classname="com.saucedemo.test.PurchaseOrderTest" name="selectProduct" time="0.0">
    <skipped/>
  </testcase> <!-- selectProduct -->
  <testcase classname="com.saucedemo.test.LoginTest" name="invalidVogin" time="0.0">
    <skipped/>
  </testcase> <!-- invalidVogin -->
  <testcase classname="com.saucedemo.test.LoginTest" name="validVogin" time="0.0">
    <skipped/>
  </testcase> <!-- validVogin -->
  <testcase classname="com.saucedemo.base.BaseClass" name="@BeforeTest loadConfig" time="0.0">
    <ignored/>
  </testcase> <!-- @BeforeTest loadConfig -->
</testsuite> <!-- Chrome -->
